0 info it worked if it ends with ok
1 verbose cli [ 'node', '/usr/local/bin/npm', 'run', 'serve' ]
2 info using npm@3.8.5
3 info using node@v0.12.7
4 verbose run-script [ 'preserve', 'serve', 'postserve' ]
5 info lifecycle adv16happiness@1.0.0~preserve: adv16happiness@1.0.0
6 silly lifecycle adv16happiness@1.0.0~preserve: no script for preserve, continuing
7 info lifecycle adv16happiness@1.0.0~serve: adv16happiness@1.0.0
8 verbose lifecycle adv16happiness@1.0.0~serve: unsafe-perm in lifecycle true
9 verbose lifecycle adv16happiness@1.0.0~serve: PATH: /usr/local/lib/node_modules/npm/bin/node-gyp-bin:/Users/marco/work/adv16_workshop/adv16happiness/node_modules/.bin:/usr/local/bin:/Users/marco/Library/Android/sdk/platform-tools:/Users/marco/Library/Android/sdk/tools:/Users/marco/Library/Android/sdk:/usr/local/graphicsmagick/bin:/usr/local/graphicsmagick/bin:/opt/local/bin:/opt/local/sbin:/usr/local/bin:/Users/marco/work/protones2/apache-maven-3.3.9/bin:/Users/marco/work/dwave/android_sdk/sdk/tools:/Users/marco/work/dwave/android_sdk/sdk/platform-tools:/usr/local/mongodb:/Library/PostgreSQL/9.1/bin:/Users/marco/.rvm/gems/ruby-1.9.3-p448/bin:/Users/marco/.rvm/gems/ruby-1.9.3-p448@global/bin:/Users/marco/.rvm/rubies/ruby-1.9.3-p448/bin:/Users/marco/.rvm/bin:/usr/local/bin:/usr/bin:/bin:/usr/sbin:/sbin:/usr/texbin:/usr/local/Cellar/imagemagick/6.9.3-0/bin
10 verbose lifecycle adv16happiness@1.0.0~serve: CWD: /Users/marco/work/adv16_workshop/adv16happiness
11 silly lifecycle adv16happiness@1.0.0~serve: Args: [ '-c',
11 silly lifecycle   'lr-http-server -p 8888 -d ./interfaces -l 30000 -w **/*.css,*.html,*.csv' ]
12 silly lifecycle adv16happiness@1.0.0~serve: Returned: code: 1  signal: null
13 info lifecycle adv16happiness@1.0.0~serve: Failed to exec serve script
14 verbose stack Error: adv16happiness@1.0.0 serve: `lr-http-server -p 8888 -d ./interfaces -l 30000 -w **/*.css,*.html,*.csv`
14 verbose stack Exit status 1
14 verbose stack     at EventEmitter.<anonymous> (/usr/local/lib/node_modules/npm/lib/utils/lifecycle.js:239:16)
14 verbose stack     at EventEmitter.emit (events.js:110:17)
14 verbose stack     at ChildProcess.<anonymous> (/usr/local/lib/node_modules/npm/lib/utils/spawn.js:24:14)
14 verbose stack     at ChildProcess.emit (events.js:110:17)
14 verbose stack     at maybeClose (child_process.js:1015:16)
14 verbose stack     at Process.ChildProcess._handle.onexit (child_process.js:1087:5)
15 verbose pkgid adv16happiness@1.0.0
16 verbose cwd /Users/marco/work/adv16_workshop/adv16happiness
17 error Darwin 14.5.0
18 error argv "node" "/usr/local/bin/npm" "run" "serve"
19 error node v0.12.7
20 error npm  v3.8.5
21 error code ELIFECYCLE
22 error adv16happiness@1.0.0 serve: `lr-http-server -p 8888 -d ./interfaces -l 30000 -w **/*.css,*.html,*.csv`
22 error Exit status 1
23 error Failed at the adv16happiness@1.0.0 serve script 'lr-http-server -p 8888 -d ./interfaces -l 30000 -w **/*.css,*.html,*.csv'.
23 error Make sure you have the latest version of node.js and npm installed.
23 error If you do, this is most likely a problem with the adv16happiness package,
23 error not with npm itself.
23 error Tell the author that this fails on your system:
23 error     lr-http-server -p 8888 -d ./interfaces -l 30000 -w **/*.css,*.html,*.csv
23 error You can get information on how to open an issue for this project with:
23 error     npm bugs adv16happiness
23 error Or if that isn't available, you can get their info via:
23 error     npm owner ls adv16happiness
23 error There is likely additional logging output above.
24 verbose exit [ 1, true ]
